\BOOKMARK [0][-]{chapter.1}{Introduzione}{}% 1
\BOOKMARK [1][-]{section.1.1}{Sintassi}{chapter.1}% 2
\BOOKMARK [0][-]{chapter.2}{Data Definition Language \(DDL\)}{}% 3
\BOOKMARK [1][-]{section.2.1}{Creazione di tabelle}{chapter.2}% 4
\BOOKMARK [1][-]{section.2.2}{Eliminazione di una tabella}{chapter.2}% 5
\BOOKMARK [1][-]{section.2.3}{Vincoli}{chapter.2}% 6
\BOOKMARK [2][-]{subsection.2.3.1}{DEFAULT}{section.2.3}% 7
\BOOKMARK [2][-]{subsection.2.3.2}{CHECK}{section.2.3}% 8
\BOOKMARK [2][-]{subsection.2.3.3}{NOT NULL}{section.2.3}% 9
\BOOKMARK [2][-]{subsection.2.3.4}{UNIQUE}{section.2.3}% 10
\BOOKMARK [2][-]{subsection.2.3.5}{PRIMARY KEY}{section.2.3}% 11
\BOOKMARK [2][-]{subsection.2.3.6}{Chiavi esportate}{section.2.3}% 12
\BOOKMARK [1][-]{section.2.4}{Modificare la struttura di una tabella}{chapter.2}% 13
\BOOKMARK [2][-]{subsection.2.4.1}{Aggiungere, modificare, rimuovere colonne}{section.2.4}% 14
\BOOKMARK [2][-]{subsection.2.4.2}{Aggiungere, modificare, rimuovere vincoli}{section.2.4}% 15
\BOOKMARK [2][-]{subsection.2.4.3}{Rinominare tabelle}{section.2.4}% 16
\BOOKMARK [2][-]{subsection.2.4.4}{Rinominare colonne}{section.2.4}% 17
\BOOKMARK [1][-]{section.2.5}{Domini}{chapter.2}% 18
\BOOKMARK [2][-]{subsection.2.5.1}{Tipi numerici}{section.2.5}% 19
\BOOKMARK [2][-]{subsection.2.5.2}{Tipi booleani}{section.2.5}% 20
\BOOKMARK [2][-]{subsection.2.5.3}{Tipi carattere/stringa}{section.2.5}% 21
\BOOKMARK [2][-]{subsection.2.5.4}{Tipi temporali}{section.2.5}% 22
\BOOKMARK [1][-]{section.2.6}{Date}{chapter.2}% 23
\BOOKMARK [1][-]{section.2.7}{Time}{chapter.2}% 24
\BOOKMARK [1][-]{section.2.8}{Time stamp}{chapter.2}% 25
\BOOKMARK [1][-]{section.2.9}{Il non-valore NULL: approfondimento}{chapter.2}% 26
\BOOKMARK [0][-]{chapter.3}{Data Manipulation Language \(DML\)}{}% 27
\BOOKMARK [1][-]{section.3.1}{Inserimento}{chapter.3}% 28
\BOOKMARK [1][-]{section.3.2}{Cancellazione}{chapter.3}% 29
\BOOKMARK [1][-]{section.3.3}{Aggiornamento}{chapter.3}% 30
\BOOKMARK [0][-]{chapter.4}{Data Query Language \(DQL\)}{}% 31
\BOOKMARK [1][-]{section.4.1}{SELECT}{chapter.4}% 32
\BOOKMARK [1][-]{section.4.2}{FROM}{chapter.4}% 33
\BOOKMARK [2][-]{subsection.4.2.1}{Operatori di JOIN}{section.4.2}% 34
\BOOKMARK [1][-]{section.4.3}{WHERE}{chapter.4}% 35
\BOOKMARK [2][-]{subsection.4.3.1}{LIKE e SIMILAR TO}{section.4.3}% 36
\BOOKMARK [1][-]{section.4.4}{ORDER BY}{chapter.4}% 37
\BOOKMARK [1][-]{section.4.5}{GROUP BY}{chapter.4}% 38
\BOOKMARK [1][-]{section.4.6}{HAVING}{chapter.4}% 39
\BOOKMARK [1][-]{section.4.7}{Operatori di aggregazione}{chapter.4}% 40
\BOOKMARK [2][-]{subsection.4.7.1}{COUNT}{section.4.7}% 41
\BOOKMARK [2][-]{subsection.4.7.2}{SUM, MIN, MAX, AVG}{section.4.7}% 42
\BOOKMARK [2][-]{subsection.4.7.3}{BOOL_AND, BOOL_OR}{section.4.7}% 43
\BOOKMARK [1][-]{section.4.8}{Interrogazioni nidificate}{chapter.4}% 44
\BOOKMARK [2][-]{subsection.4.8.1}{EXISTS}{section.4.8}% 45
\BOOKMARK [2][-]{subsection.4.8.2}{IN}{section.4.8}% 46
\BOOKMARK [2][-]{subsection.4.8.3}{ANY/SOME}{section.4.8}% 47
\BOOKMARK [2][-]{subsection.4.8.4}{ALL}{section.4.8}% 48
\BOOKMARK [2][-]{subsection.4.8.5}{Operatori insiemistici}{section.4.8}% 49
\BOOKMARK [0][-]{chapter.5}{Introduzione agli indici e analisi delle prestazioni in SQL}{}% 50
\BOOKMARK [1][-]{section.5.1}{Tipi di indice}{chapter.5}% 51
\BOOKMARK [2][-]{subsection.5.1.1}{B-Tree}{section.5.1}% 52
\BOOKMARK [2][-]{subsection.5.1.2}{Hash Index}{section.5.1}% 53
\BOOKMARK [2][-]{subsection.5.1.3}{Indici multiattributo}{section.5.1}% 54
\BOOKMARK [1][-]{section.5.2}{Analisi di utilizzo degli indici}{chapter.5}% 55
\BOOKMARK [1][-]{section.5.3}{Criteri per creare indici}{chapter.5}% 56
\BOOKMARK [0][-]{chapter.6}{Introduzione al controllo della concorrenza}{}% 57
\BOOKMARK [1][-]{section.6.1}{Livelli di isolamento}{chapter.6}% 58
\BOOKMARK [2][-]{subsection.6.1.1}{Read Committed}{section.6.1}% 59
\BOOKMARK [2][-]{subsection.6.1.2}{Repeatable Read}{section.6.1}% 60
\BOOKMARK [2][-]{subsection.6.1.3}{Serializable}{section.6.1}% 61
\BOOKMARK [0][-]{chapter.7}{Interazione tra Python e PostgreSQL}{}% 62
\BOOKMARK [1][-]{section.7.1}{Connessione alla base di dati}{chapter.7}% 63
\BOOKMARK [1][-]{section.7.2}{Cursore}{chapter.7}% 64
\BOOKMARK [1][-]{section.7.3}{Passaggio di parametri}{chapter.7}% 65
\BOOKMARK [1][-]{section.7.4}{Estrazione del risultato}{chapter.7}% 66
\BOOKMARK [0][-]{chapter.8}{Interazione tra Java e PostgreSQL}{}% 67
\BOOKMARK [1][-]{section.8.1}{Connessione alla base di dati}{chapter.8}% 68
\BOOKMARK [1][-]{section.8.2}{Esecuzione di comandi SQL}{chapter.8}% 69
\BOOKMARK [1][-]{section.8.3}{Estrazione del risultato}{chapter.8}% 70
